1 rank:
node 0 ready: n=10000, cores=1
setup time: 5.5348s
solver time: 255.5899s
speed check: faster than table reference (1700s).
---------------------------------
2 ranks:
node 0 ready: n=10000, cores=2
setup time: 2.7546s
solver time: 133.8680s
speed check: faster than table reference (858s).
---------------------------------
4 ranks:
node 0 ready: n=10000, cores=4
setup time: 1.4223s
solver time: 65.6739s
speed check: faster than table reference (450s).
---------------------------------
8 ranks:
node 0 ready: n=10000, cores=8
setup time: 0.7211s
solver time: 33.4252s
speed check: faster than table reference (269s).
---------------------------------
16 ranks:
node 0 ready: n=10000, cores=16
setup time: 0.3861s
solver time: 18.4441s
speed check: faster than table reference (163s).
---------------------------------
